生成启动时间为 2019/10/2 20:15:59。
     1>项目“E:\程序练习\贪食蛇\贪食蛇\贪食蛇.vcxproj”在节点 2 上(Build 个目标)。
     1>ClCompile:
         D:\Microsoft Visual Studio 11.0\VC\bin\CL.exe /c /ZI /nologo /W3 /WX- /Od /Oy- /D WIN32 /D _DEBUG /D _CONSOLE /D _UNICODE /D UNICODE /Gm /EHsc /RTC1 /MDd /GS /fp:precise /Zc:wchar_t /Zc:forScope /Fo"Debug\\" /Fd"Debug\vc110.pdb" /Gd /TC /analyze- /errorReport:prompt "源.c"
         源.c
     1>e:\程序练习\贪食蛇\贪食蛇\源.c(46): warning C4244: “函数”: 从“time_t”转换到“unsigned int”，可能丢失数据
     1>e:\程序练习\贪食蛇\贪食蛇\源.c(63): warning C4996: 'getch': The POSIX name for this item is deprecated. Instead, use the ISO C++ conformant name: _getch. See online help for details.
                 d:\microsoft visual studio 11.0\vc\include\conio.h(131) : 参见“getch”的声明
     1>e:\程序练习\贪食蛇\贪食蛇\源.c(86): warning C4996: '_sleep': This function or variable has been superceded by newer library or operating system functionality. Consider using Sleep instead. See online help for details.
                 d:\microsoft visual studio 11.0\vc\include\stdlib.h(881) : 参见“_sleep”的声明
     1>e:\程序练习\贪食蛇\贪食蛇\源.c(110): warning C4996: 'kbhit': The POSIX name for this item is deprecated. Instead, use the ISO C++ conformant name: _kbhit. See online help for details.
                 d:\microsoft visual studio 11.0\vc\include\conio.h(133) : 参见“kbhit”的声明
     1>e:\程序练习\贪食蛇\贪食蛇\源.c(112): warning C4996: 'kbhit': The POSIX name for this item is deprecated. Instead, use the ISO C++ conformant name: _kbhit. See online help for details.
                 d:\microsoft visual studio 11.0\vc\include\conio.h(133) : 参见“kbhit”的声明
     1>e:\程序练习\贪食蛇\贪食蛇\源.c(113): warning C4996: 'getch': The POSIX name for this item is deprecated. Instead, use the ISO C++ conformant name: _getch. See online help for details.
                 d:\microsoft visual studio 11.0\vc\include\conio.h(131) : 参见“getch”的声明
       Link:
         D:\Microsoft Visual Studio 11.0\VC\bin\link.exe /ERRORREPORT:PROMPT /OUT:"E:\程序练习\贪食蛇\Debug\贪食蛇.exe" /INCREMENTAL /NOLOGO kernel32.lib user32.lib gdi32.lib winspool.lib comdlg32.lib advapi32.lib shell32.lib ole32.lib oleaut32.lib uuid.lib odbc32.lib odbccp32.lib /MANIFEST /MANIFESTUAC:"level='asInvoker' uiAccess='false'" /manifest:embed /DEBUG /PDB:"E:\程序练习\贪食蛇\Debug\贪食蛇.pdb" /SUBSYSTEM:CONSOLE /TLBID:1 /DYNAMICBASE /NXCOMPAT /IMPLIB:"E:\程序练习\贪食蛇\Debug\贪食蛇.lib" /MACHINE:X86 "Debug\源.obj"
         贪食蛇.vcxproj -> E:\程序练习\贪食蛇\Debug\贪食蛇.exe
     1>已完成生成项目“E:\程序练习\贪食蛇\贪食蛇\贪食蛇.vcxproj”(Build 个目标)的操作。

生成成功。

已用时间 00:00:01.05
